<?xml version="1.0" encoding="UTF-8"?>
<testng-results skipped="0" failed="0" ignored="0" total="1" passed="1">
  <reporter-output>
  </reporter-output>
  <suite name="Default suite" duration-ms="24789" started-at="2019-08-05T17:45:22Z" finished-at="2019-08-05T17:45:47Z">
    <groups>
    </groups>
    <test name="Default test" duration-ms="24789" started-at="2019-08-05T17:45:22Z" finished-at="2019-08-05T17:45:47Z">
      <class name="Ecommerce.Ecommerce.testeigth">
        <test-method status="PASS" signature="dicountCoupons()[pri:0, instance:Ecommerce.Ecommerce.testeigth@6bd63828]" name="dicountCoupons" duration-ms="24737" started-at="2019-08-05T17:45:22Z" finished-at="2019-08-05T17:45:47Z">
          <reporter-output>
          </reporter-output>
        </test-method> <!-- dicountCoupons -->
      </class> <!-- Ecommerce.Ecommerce.testeigth -->
    </test> <!-- Default test -->
  </suite> <!-- Default suite -->
</testng-results>
